<?xml version="1.0" encoding="UTF-8"?>
<testsuite name="org.ababup1192.ArithTest" tests="2" skipped="0" failures="0" errors="0" timestamp="2015-07-08T14:08:17" hostname="watanabe-no-MacBook-Air.local" time="0.006">
  <properties/>
  <testcase name="testDivide" classname="org.ababup1192.ArithTest" time="0.005"/>
  <testcase name="testMultiple" classname="org.ababup1192.ArithTest" time="0.0"/>
  <system-out><![CDATA[]]></system-out>
  <system-err><![CDATA[]]></system-err>
</testsuite>
